Java module loaded - the system's JAVA is replaced by JDK 1.8.0_211
Partial sum from process 0 of total 10 is : 5050
Partial sum from process 4 of total 10 is : 45050
Partial sum from process 7 of total 10 is : 75050
Partial sum from process 9 of total 10 is : 95050
Partial sum from process 1 of total 10 is : 15050
Partial sum from process 8 of total 10 is : 85050
Partial sum from process 3 of total 10 is : 35050
Partial sum from process 2 of total 10 is : 25050
Partial sum from process 5 of total 10 is : 55050
Partial sum from process 6 of total 10 is : 65050
Receive 15050 from process 1
Send 35050 to process 0 by process 3
Send 75050 to process 0 by process 7
Send 65050 to process 0 by process 6
Receive 25050 from process 2
Receive 35050 from process 3
Receive 45050 from process 4
Receive 55050 from process 5
Receive 65050 from process 6
Receive 75050 from process 7
Send 15050 to process 0 by process 1
Send 55050 to process 0 by process 5
Receive 85050 from process 8
Receive 95050 from process 9
Send 85050 to process 0 by process 8
Send 25050 to process 0 by process 2
Send 45050 to process 0 by process 4
Send 95050 to process 0 by process 9
Total sum is 500500