Java module loaded - the system's JAVA is replaced by JDK 1.8.0_211
Partial sum from process 0 of total 16 is : 5050
Receive 15050 from process 1
Partial sum from process 1 of total 16 is : 15050
Send 15050 to process 0 by process 1
Partial sum from process 3 of total 16 is : 35050
Send 35050 to process 0 by process 3
Partial sum from process 4 of total 16 is : 45050
Partial sum from process 7 of total 16 is : 75050
Receive 25050 from process 2
Receive 35050 from process 3
Partial sum from process 2 of total 16 is : 25050
Send 25050 to process 0 by process 2
Partial sum from process 13 of total 16 is : 135050
Partial sum from process 8 of total 16 is : 85050
Partial sum from process 5 of total 16 is : 55050
Partial sum from process 12 of total 16 is : 125050
Partial sum from process 10 of total 16 is : 105050
Partial sum from process 6 of total 16 is : 65050
Partial sum from process 14 of total 16 is : 145050
Partial sum from process 11 of total 16 is : 115050
Partial sum from process 15 of total 16 is : 155050
Partial sum from process 9 of total 16 is : 95050
Receive 45050 from process 4
Send 125050 to process 0 by process 12
Send 115050 to process 0 by process 11
Receive 55050 from process 5
Receive 65050 from process 6
Receive 75050 from process 7
Receive 85050 from process 8
Receive 95050 from process 9
Send 65050 to process 0 by process 6
Send 145050 to process 0 by process 14
Send 95050 to process 0 by process 9
Send 55050 to process 0 by process 5
Send 155050 to process 0 by process 15
Send 85050 to process 0 by process 8
Send 75050 to process 0 by process 7
Send 135050 to process 0 by process 13
Send 105050 to process 0 by process 10
Send 45050 to process 0 by process 4
Total sum is 500500